[next-gen.webflow.io/games/shooter.html]
[backblue.gif]
[fade.gif]
[index.html]
[ajax.googleapis.com/ajax/libs/webfont/1.6.26/webfont.js]
[d3e54v103j8qbb.cloudfront.net/js/jquery-3.5.1.min.dc5e7f18c8a133.js]
[next-gen.webflow.io/games/shooter.html]
[next-gen.webflow.io/games/moba]
[next-gen.webflow.io/games/sport]
[next-gen.webflow.io/games/moba]
[next-gen.webflow.io/games/sport]
[uploads-ssl.webflow.com/5f34eb6e935a5c1fa933ebe2/css/next-gen.webflow.72504f242.min.css]
[uploads-ssl.webflow.com/5f34eb6e935a5c1fa933ebe2/6088070860c7a9c67abb1fe1_ng-fav (1).png]
[uploads-ssl.webflow.com/5f34eb6e935a5c1fa933ebe2/608806d7990dc2369c574be1_ng-clip (1).png]
[next-gen.webflow.io/games/fps]
[uploads-ssl.webflow.com/5f34eb6e935a5c1fa933ebe2/60a521296c627b950f5cf3e7_games-fps.jpg]
[uploads-ssl.webflow.com/5f34eb6e935a5c1fa933ebe2/60a52129c906ef5f0e1c08a0_games-shooter.jpg]
[next-gen.webflow.io/games/mmo]
[uploads-ssl.webflow.com/5f34eb6e935a5c1fa933ebe2/60a52127dc29ed24367afab6_games-mmo.jpg]
[next-gen.webflow.io/games/rpg]
[uploads-ssl.webflow.com/5f34eb6e935a5c1fa933ebe2/60a5212982e1ccb14583cfc8_games-rpg.jpg]
[uploads-ssl.webflow.com/5f34eb6e935a5c1fa933ebe2/60a52128334f2d6c0b73b0dd_games-moba.jpg]
[next-gen.webflow.io/games/survival]
[uploads-ssl.webflow.com/5f34eb6e935a5c1fa933ebe2/60a5212a130594391a49a4fd_games-survive.jpg]
[uploads-ssl.webflow.com/5f34eb6e935a5c1fa933ebe2/60a52129334f2d6fe673b0de_games-sport.jpg]
[next-gen.webflow.io/games/racing]
[uploads-ssl.webflow.com/5f34eb6e935a5c1fa933ebe2/60a52128a303e845c4c3589f_games-racing.jpg]
[next-gen.webflow.io/games/horror]
[uploads-ssl.webflow.com/5f34eb6e935a5c1fa933ebe2/60a521289883839064a433b7_games-horror.jpg]
[next-gen.webflow.io/games/strategy]
[uploads-ssl.webflow.com/5f34eb6e935a5c1fa933ebe2/60a52129ec00f7bf892ffb62_games-strategy.jpg]
[next-gen.webflow.io/games/indie-platformer]
[uploads-ssl.webflow.com/5f34eb6e935a5c1fa933ebe2/60a521286c627bb4875cf3e6_games-indie.jpg]
[next-gen.webflow.io/games/mobile]
[uploads-ssl.webflow.com/5f34eb6e935a5c1fa933ebe2/60a52128356bb7e9f7f69e16_games-mobile.jpg]
[uploads-ssl.webflow.com/5f34eb6e935a5c1fa933ebe2/60955bdd15d0e1617c77edb8_icons8-shopping-cart-100.png]
[uploads-ssl.webflow.com/5f34eb6e935a5c1fa933ebe2/5f9af2cc613d21444310f3a7_icons8-account-100.png]
[uploads-ssl.webflow.com/5f34eb6e935a5c1fa933ebe2/60d5cfaf6fd9b785bd509105_icons8-squared-menu-100.png]
[uploads-ssl.webflow.com/5f34eb6e935a5c1fa933ebe2/5fb2ab3d2aa82eebf553e70f_gm1.jpg]
[uploads-ssl.webflow.com/5f34eb6e935a5c1fa933ebe2/5fb2ab74787b41e3e45446a2_gm2.jpg]
[uploads-ssl.webflow.com/5f34eb6e935a5c1fa933ebe2/5fb2ab8599a7f11d547cda75_gm3.jpg]
[uploads-ssl.webflow.com/5f34eb6e935a5c1fa933ebe2/60880a2e4b412aaf789885d5_shooter-season (1).png]
[uploads-ssl.webflow.com/5f34eb6e935a5c1fa933ebe2/5fc911347a6db9637bdf0e06_battle-pass.jpg]
[uploads-ssl.webflow.com/5f34eb6e935a5c1fa933ebe2/5fca772c2d44362b6dfd66ac_bp1.jpg]
[uploads-ssl.webflow.com/5f34eb6e935a5c1fa933ebe2/5fccd406f750a0f4f5105162_icons8-pennant-100 (1).png]
[uploads-ssl.webflow.com/5f34eb6e935a5c1fa933ebe2/5fca773b700e863d669628c3_bp2.jpg]
[uploads-ssl.webflow.com/5f34eb6e935a5c1fa933ebe2/5fccd44908048e3de48ecead_icons8-pennant-100 (2).png]
[uploads-ssl.webflow.com/5f34eb6e935a5c1fa933ebe2/5fca7746e70fe0273118b0db_bp3.jpg]
[uploads-ssl.webflow.com/5f34eb6e935a5c1fa933ebe2/5fccd4518b7b95d085f9e16d_icons8-pennant-100.png]
[uploads-ssl.webflow.com/5f34eb6e935a5c1fa933ebe2/5fca7751d382074c609f1c36_bp4.jpg]
[uploads-ssl.webflow.com/5f34eb6e935a5c1fa933ebe2/60880e01060be14af69bf1a2_shooter-buy-img (1).png]
[uploads-ssl.webflow.com/5f34eb6e935a5c1fa933ebe2/5faeaf4e5fef4c8250dfad0a_icons8-play-button-100.png]
[uploads-ssl.webflow.com/5f34eb6e935a5c1fa933ebe2/5faeaf611d7ddd17ede45970_icons8-twitch-100.png]
[uploads-ssl.webflow.com/5f34eb6e935a5c1fa933ebe2/5faeaf6c68320d38540f2da7_icons8-facebook-100.png]
[uploads-ssl.webflow.com/5f34eb6e935a5c1fa933ebe2/5faeaf75efcb605c0a486228_icons8-twitter-100.png]
[uploads-ssl.webflow.com/5f34eb6e935a5c1fa933ebe2/5faeaf87b9d25e13376ed3dc_icons8-instagram-100.png]
[uploads-ssl.webflow.com/5f34eb6e935a5c1fa933ebe2/5faeaf92393ed812979e445d_icons8-discord-100.png]
[uploads-ssl.webflow.com/5f34eb6e935a5c1fa933ebe2/60d09c43ea304032245df757_icons8-youtube-play-button-100.png]
[uploads-ssl.webflow.com/5f34eb6e935a5c1fa933ebe2/60d09c5404fb834cc977640e_icons8-twitch-100.png]
[uploads-ssl.webflow.com/5f34eb6e935a5c1fa933ebe2/60d09c64a652432bdcc3866f_icons8-facebook-100.png]
[uploads-ssl.webflow.com/5f34eb6e935a5c1fa933ebe2/60d09c70b10647f095430039_icons8-twitter-100.png]
[uploads-ssl.webflow.com/5f34eb6e935a5c1fa933ebe2/js/webflow.92f5bb98d.js]
[uploads-ssl.webflow.com/5f34eb6e935a5c1fa933ebe2/60313a2731f7c09744697801_icons8-battle-100 (1).png]
[uploads-ssl.webflow.com/5f34eb6e935a5c1fa933ebe2/60313a27f83d44eb78817a10_icons8-mage-staff-100.png]
[uploads-ssl.webflow.com/5f34eb6e935a5c1fa933ebe2/60313a272786197aeeb2077d_icons8-defense-100.png]
[uploads-ssl.webflow.com/5f34eb6e935a5c1fa933ebe2/60313a27857b1dc8e8b28a78_icons8-archer-100.png]
[uploads-ssl.webflow.com/5f34eb6e935a5c1fa933ebe2/60313a27f83d4422e4817a11_icons8-godtier-100.png]
[uploads-ssl.webflow.com/5f34eb6e935a5c1fa933ebe2/6088156cc5a7a34a204523b5_602ab62e12f9d540b778112b_moba-champ-1 (1).png]
[uploads-ssl.webflow.com/5f34eb6e935a5c1fa933ebe2/6033e9289bcc20c72bfc96d6_icons8-millennium-rod-100.png]
[uploads-ssl.webflow.com/5f34eb6e935a5c1fa933ebe2/6033e947d88e0612f52af4be_icons8-no-connection-100.png]
[uploads-ssl.webflow.com/5f34eb6e935a5c1fa933ebe2/6033e75d418aae39803b2801_icons8-thor-hammer-100.png]
[uploads-ssl.webflow.com/5f34eb6e935a5c1fa933ebe2/602ab8f2b671a1ee9783d997_skill_icon_02_nobg 1.png]
[uploads-ssl.webflow.com/5f34eb6e935a5c1fa933ebe2/602ab8f20803a445c01636e3_skill_icon_03_nobg 1.png]
[uploads-ssl.webflow.com/5f34eb6e935a5c1fa933ebe2/602ab8f20e715c97eea43661_skill_icon_01_nobg 1.png]
[uploads-ssl.webflow.com/5f34eb6e935a5c1fa933ebe2/6088157cede51732dc3ab02a_6033f393627447288de75c11_moba-champ-4 (1).png]
[uploads-ssl.webflow.com/5f34eb6e935a5c1fa933ebe2/602ab8f285364a0ad9b2215b_skill_icon_04_nobg 1.png]
[uploads-ssl.webflow.com/5f34eb6e935a5c1fa933ebe2/6088155a7eae5f6dc49bc663_6033f5371878363f0374f918_moba-champ-5 (1).png]
[uploads-ssl.webflow.com/5f34eb6e935a5c1fa933ebe2/608815985a17a5c1d9d0fbe4_6033f5e16585c8eb2f8d486a_moba-champ-2 (1).png]
[uploads-ssl.webflow.com/5f34eb6e935a5c1fa933ebe2/608815a8f5d21f4a28931582_6033f67fd25716fc25d9170a_moba-champ-3 (1).png]
[uploads-ssl.webflow.com/5f34eb6e935a5c1fa933ebe2/6036aafd9d5b7f30afe7d383_mmo-gamemode-1.jpg]
[uploads-ssl.webflow.com/5f34eb6e935a5c1fa933ebe2/6036a3e84fd3d5051ef1597c_mmo-gamemode-2.jpg]
[uploads-ssl.webflow.com/5f34eb6e935a5c1fa933ebe2/6036a3fceff6dd52ca91cec4_mmo-gamemode-3.jpg]
[next-gen.webflow.io/games/_https_/uploads-ssl.webflow.com/5f4233ab79710a22c47dc3b8/5fac0bf7a5124b27b1bfe7a2_wizard-5091194_1920.jpg_]
[next-gen.webflow.io/games/_https_/uploads-ssl.webflow.com/5f4233ab79710a22c47dc3b8/5fac0d3f09d6e7e917ac575a_space-4163612_1920.jpg_]
[next-gen.webflow.io/games/_https_/uploads-ssl.webflow.com/5f4233ab79710a22c47dc3b8/5fac0bea035e22b21f3031ea_scifi-3617337_1920.jpg_]
[uploads-ssl.webflow.com/5f34eb6e935a5c1fa933ebe2/608822b034343b302ae30389_6070578fe9bd7a145bd7cc9a_sport-header (1).png]
[uploads-ssl.webflow.com/5f34eb6e935a5c1fa933ebe2/607071c6746cda8d3e4d9273_pack-1.jpg]
[uploads-ssl.webflow.com/5f34eb6e935a5c1fa933ebe2/607071e4d776d174d79c6e11_pack-2.jpg]
[uploads-ssl.webflow.com/5f34eb6e935a5c1fa933ebe2/607071f16225e2805e5380b5_pack-3.jpg]
[uploads-ssl.webflow.com/5f34eb6e935a5c1fa933ebe2/6088234c9fe34810fd6d3354_60708bec7e51cdad2adcbe5a_career-mode (1).png]
[uploads-ssl.webflow.com/5f34eb6e935a5c1fa933ebe2/608823011e951b2fc5404544_60708631049be6dff8b0a219_quarterback-73614_1920 1 (1) (1).png]
[uploads-ssl.webflow.com/5f34eb6e935a5c1fa933ebe2/6088235df8d3f6a277086b99_6074537bd4cbfb021994daa9_sport-gameplay (1).png]
